<?xml version="1.0" encoding="UTF-8"?>
<!-- Generated by org.testng.reporters.JUnitReportReporter -->
<testsuite skipped="0" hostname="COB1120481" name="testcases.LoginTest" tests="1" failures="0" timestamp="2020-06-06T21:46:59 IST" time="0.009" errors="0">
  <testcase name="loginTest" time="0.009" classname="testcases.LoginTest"/>
  <system-out/>
</testsuite> <!-- testcases.LoginTest -->
